#! /opt/homebrew/Cellar/icarus-verilog/12.0/bin/vvp
:ivl_version "12.0 (stable)";
:ivl_delay_selection "TYPICAL";
:vpi_time_precision - 12;
:vpi_module "/opt/homebrew/Cellar/icarus-verilog/12.0/lib/ivl/system.vpi";
:vpi_module "/opt/homebrew/Cellar/icarus-verilog/12.0/lib/ivl/vhdl_sys.vpi";
:vpi_module "/opt/homebrew/Cellar/icarus-verilog/12.0/lib/ivl/vhdl_textio.vpi";
:vpi_module "/opt/homebrew/Cellar/icarus-verilog/12.0/lib/ivl/v2005_math.vpi";
:vpi_module "/opt/homebrew/Cellar/icarus-verilog/12.0/lib/ivl/va_math.vpi";
S_0x135e083f0 .scope module, "equal_tb" "equal_tb" 2 4;
 .timescale -12 -12;
v0x135e1dcf0_0 .var "a", 3 0;
v0x135e1dda0_0 .var "b", 3 0;
v0x135e1de50_0 .var/i "i", 31 0;
v0x135e1df00_0 .var/i "j", 31 0;
v0x135e1dfb0_0 .net "o", 0 0, L_0x135e1e1b0;  1 drivers
S_0x135e08560 .scope module, "e1" "equal" 2 8, 3 1 0, S_0x135e083f0;
 .timescale -12 -12;
    .port_info 0 /OUTPUT 1 "o";
    .port_info 1 /INPUT 4 "a";
    .port_info 2 /INPUT 4 "b";
L_0x135e1e080 .functor XNOR 4, v0x135e1dcf0_0, v0x135e1dda0_0, C4<0000>, C4<0000>;
v0x135e076b0_0 .net *"_ivl_0", 3 0, L_0x135e1e080;  1 drivers
v0x135e1da90_0 .net "a", 3 0, v0x135e1dcf0_0;  1 drivers
v0x135e1db40_0 .net "b", 3 0, v0x135e1dda0_0;  1 drivers
v0x135e1dc00_0 .net "o", 0 0, L_0x135e1e1b0;  alias, 1 drivers
L_0x135e1e1b0 .reduce/and L_0x135e1e080;
    .scope S_0x135e083f0;
T_0 ;
    %pushi/vec4 0, 0, 4;
    %store/vec4 v0x135e1dcf0_0, 0, 4;
    %pushi/vec4 0, 0, 4;
    %store/vec4 v0x135e1dda0_0, 0, 4;
    %pushi/vec4 0, 0, 32;
    %store/vec4 v0x135e1de50_0, 0, 32;
T_0.0 ;
    %load/vec4 v0x135e1de50_0;
    %cmpi/s 16, 0, 32;
    %jmp/0xz T_0.1, 5;
    %load/vec4 v0x135e1de50_0;
    %pad/s 4;
    %store/vec4 v0x135e1dcf0_0, 0, 4;
    %pushi/vec4 0, 0, 32;
    %store/vec4 v0x135e1df00_0, 0, 32;
T_0.2 ;
    %load/vec4 v0x135e1df00_0;
    %cmpi/s 16, 0, 32;
    %jmp/0xz T_0.3, 5;
    %load/vec4 v0x135e1df00_0;
    %pad/s 4;
    %store/vec4 v0x135e1dda0_0, 0, 4;
    %delay 10, 0;
    %vpi_call 2 15 "$display", "time = %d \011 a = %b \011 b = %b \011 o = %b", $time, v0x135e1dcf0_0, v0x135e1dda0_0, v0x135e1dfb0_0 {0 0 0};
    %load/vec4 v0x135e1df00_0;
    %addi 1, 0, 32;
    %store/vec4 v0x135e1df00_0, 0, 32;
    %jmp T_0.2;
T_0.3 ;
    %load/vec4 v0x135e1de50_0;
    %addi 1, 0, 32;
    %store/vec4 v0x135e1de50_0, 0, 32;
    %jmp T_0.0;
T_0.1 ;
    %end;
    .thread T_0;
# The file index is used to find the file name in the following table.
:file_names 4;
    "N/A";
    "<interactive>";
    "equal_tb.v";
    "./equal.v";
