#! /opt/homebrew/Cellar/icarus-verilog/12.0/bin/vvp
:ivl_version "12.0 (stable)";
:ivl_delay_selection "TYPICAL";
:vpi_time_precision - 12;
:vpi_module "/opt/homebrew/Cellar/icarus-verilog/12.0/lib/ivl/system.vpi";
:vpi_module "/opt/homebrew/Cellar/icarus-verilog/12.0/lib/ivl/vhdl_sys.vpi";
:vpi_module "/opt/homebrew/Cellar/icarus-verilog/12.0/lib/ivl/vhdl_textio.vpi";
:vpi_module "/opt/homebrew/Cellar/icarus-verilog/12.0/lib/ivl/v2005_math.vpi";
:vpi_module "/opt/homebrew/Cellar/icarus-verilog/12.0/lib/ivl/va_math.vpi";
S_0x15b708340 .scope module, "decoder_3_8_tb" "decoder_3_8_tb" 2 4;
 .timescale -12 -12;
v0x15b72de40_0 .var "En", 0 0;
v0x15b72ded0_0 .var "I", 2 0;
v0x15b72df60_0 .net "Y", 7 0, L_0x15b731690;  1 drivers
v0x15b72dff0_0 .var/i "i", 31 0;
v0x15b72e080_0 .var/i "j", 31 0;
S_0x15b705400 .scope module, "d24df" "decoder_2_4_df" 2 9, 3 1 0, S_0x15b708340;
 .timescale -12 -12;
    .port_info 0 /OUTPUT 8 "Y";
    .port_info 1 /INPUT 3 "I";
    .port_info 2 /INPUT 1 "En";
L_0x15b72e240 .functor AND 1, v0x15b72de40_0, L_0x15b72e160, C4<1>, C4<1>;
L_0x15b72e3f0 .functor AND 1, L_0x15b72e240, L_0x15b72e350, C4<1>, C4<1>;
L_0x15b72e620 .functor AND 1, L_0x15b72e3f0, L_0x15b72e500, C4<1>, C4<1>;
L_0x15b72e7b0 .functor AND 1, v0x15b72de40_0, L_0x15b72e710, C4<1>, C4<1>;
L_0x15b72e970 .functor AND 1, L_0x15b72e7b0, L_0x15b72e8a0, C4<1>, C4<1>;
L_0x15b72eb50 .functor NOT 1, L_0x15b72eab0, C4<0>, C4<0>, C4<0>;
L_0x15b72ec00 .functor AND 1, L_0x15b72e970, L_0x15b72eb50, C4<1>, C4<1>;
L_0x15b72e5a0 .functor AND 1, v0x15b72de40_0, L_0x15b72ed30, C4<1>, C4<1>;
L_0x15b72f030 .functor NOT 1, L_0x15b72ef90, C4<0>, C4<0>, C4<0>;
L_0x15b72f130 .functor AND 1, L_0x15b72e5a0, L_0x15b72f030, C4<1>, C4<1>;
L_0x15b72f2f0 .functor AND 1, L_0x15b72f130, L_0x15b72f200, C4<1>, C4<1>;
L_0x15b72f4c0 .functor AND 1, v0x15b72de40_0, L_0x15b72f420, C4<1>, C4<1>;
L_0x15b72f670 .functor NOT 1, L_0x15b72f570, C4<0>, C4<0>, C4<0>;
L_0x15b72f750 .functor AND 1, L_0x15b72f4c0, L_0x15b72f670, C4<1>, C4<1>;
L_0x15b72f8c0 .functor NOT 1, L_0x15b72f820, C4<0>, C4<0>, C4<0>;
L_0x15b72f6e0 .functor AND 1, L_0x15b72f750, L_0x15b72f8c0, C4<1>, C4<1>;
L_0x15b72fb80 .functor NOT 1, L_0x15b72fa70, C4<0>, C4<0>, C4<0>;
L_0x15b72fc80 .functor AND 1, v0x15b72de40_0, L_0x15b72fb80, C4<1>, C4<1>;
L_0x15b72fd90 .functor AND 1, L_0x15b72fc80, L_0x15b72fcf0, C4<1>, C4<1>;
L_0x15b72fb10 .functor AND 1, L_0x15b72fd90, L_0x15b72ff20, C4<1>, C4<1>;
L_0x15b730260 .functor NOT 1, L_0x15b7301c0, C4<0>, C4<0>, C4<0>;
L_0x15b730380 .functor AND 1, v0x15b72de40_0, L_0x15b730260, C4<1>, C4<1>;
L_0x15b730490 .functor AND 1, L_0x15b730380, L_0x15b7303f0, C4<1>, C4<1>;
L_0x15b7302d0 .functor NOT 1, L_0x15b730640, C4<0>, C4<0>, C4<0>;
L_0x15b7306e0 .functor AND 1, L_0x15b730490, L_0x15b7302d0, C4<1>, C4<1>;
L_0x15b730940 .functor NOT 1, L_0x15b7308a0, C4<0>, C4<0>, C4<0>;
L_0x15b7309b0 .functor AND 1, v0x15b72de40_0, L_0x15b730940, C4<1>, C4<1>;
L_0x15b72ef10 .functor NOT 1, L_0x15b730c00, C4<0>, C4<0>, C4<0>;
L_0x15b730830 .functor AND 1, L_0x15b7309b0, L_0x15b72ef10, C4<1>, C4<1>;
L_0x15b730ed0 .functor AND 1, L_0x15b730830, L_0x15b730e30, C4<1>, C4<1>;
L_0x15b730fe0 .functor NOT 1, L_0x15b730f40, C4<0>, C4<0>, C4<0>;
L_0x15b731190 .functor AND 1, v0x15b72de40_0, L_0x15b730fe0, C4<1>, C4<1>;
L_0x15b7312c0 .functor NOT 1, L_0x15b730d80, C4<0>, C4<0>, C4<0>;
L_0x15b730b60 .functor AND 1, L_0x15b731190, L_0x15b7312c0, C4<1>, C4<1>;
L_0x15b731500 .functor NOT 1, L_0x15b731460, C4<0>, C4<0>, C4<0>;
L_0x15b731350 .functor AND 1, L_0x15b730b60, L_0x15b731500, C4<1>, C4<1>;
v0x15b7084b0_0 .net "En", 0 0, v0x15b72de40_0;  1 drivers
v0x15b72b0e0_0 .net "I", 2 0, v0x15b72ded0_0;  1 drivers
v0x15b72b190_0 .net "Y", 7 0, L_0x15b731690;  alias, 1 drivers
v0x15b72b250_0 .net *"_ivl_1", 0 0, L_0x15b72e160;  1 drivers
v0x15b72b300_0 .net *"_ivl_10", 0 0, L_0x15b72e620;  1 drivers
v0x15b72b3f0_0 .net *"_ivl_100", 0 0, L_0x15b730ed0;  1 drivers
v0x15b72b4a0_0 .net *"_ivl_103", 0 0, L_0x15b730f40;  1 drivers
v0x15b72b550_0 .net *"_ivl_104", 0 0, L_0x15b730fe0;  1 drivers
v0x15b72b600_0 .net *"_ivl_106", 0 0, L_0x15b731190;  1 drivers
v0x15b72b710_0 .net *"_ivl_109", 0 0, L_0x15b730d80;  1 drivers
v0x15b72b7c0_0 .net *"_ivl_110", 0 0, L_0x15b7312c0;  1 drivers
v0x15b72b870_0 .net *"_ivl_112", 0 0, L_0x15b730b60;  1 drivers
v0x15b72b920_0 .net *"_ivl_115", 0 0, L_0x15b731460;  1 drivers
v0x15b72b9d0_0 .net *"_ivl_116", 0 0, L_0x15b731500;  1 drivers
v0x15b72ba80_0 .net *"_ivl_118", 0 0, L_0x15b731350;  1 drivers
v0x15b72bb30_0 .net *"_ivl_13", 0 0, L_0x15b72e710;  1 drivers
v0x15b72bbe0_0 .net *"_ivl_14", 0 0, L_0x15b72e7b0;  1 drivers
v0x15b72bd70_0 .net *"_ivl_17", 0 0, L_0x15b72e8a0;  1 drivers
v0x15b72be00_0 .net *"_ivl_18", 0 0, L_0x15b72e970;  1 drivers
v0x15b72beb0_0 .net *"_ivl_2", 0 0, L_0x15b72e240;  1 drivers
v0x15b72bf60_0 .net *"_ivl_21", 0 0, L_0x15b72eab0;  1 drivers
v0x15b72c010_0 .net *"_ivl_22", 0 0, L_0x15b72eb50;  1 drivers
v0x15b72c0c0_0 .net *"_ivl_24", 0 0, L_0x15b72ec00;  1 drivers
v0x15b72c170_0 .net *"_ivl_27", 0 0, L_0x15b72ed30;  1 drivers
v0x15b72c220_0 .net *"_ivl_28", 0 0, L_0x15b72e5a0;  1 drivers
v0x15b72c2d0_0 .net *"_ivl_31", 0 0, L_0x15b72ef90;  1 drivers
v0x15b72c380_0 .net *"_ivl_32", 0 0, L_0x15b72f030;  1 drivers
v0x15b72c430_0 .net *"_ivl_34", 0 0, L_0x15b72f130;  1 drivers
v0x15b72c4e0_0 .net *"_ivl_37", 0 0, L_0x15b72f200;  1 drivers
v0x15b72c590_0 .net *"_ivl_38", 0 0, L_0x15b72f2f0;  1 drivers
v0x15b72c640_0 .net *"_ivl_41", 0 0, L_0x15b72f420;  1 drivers
v0x15b72c6f0_0 .net *"_ivl_42", 0 0, L_0x15b72f4c0;  1 drivers
v0x15b72c7a0_0 .net *"_ivl_45", 0 0, L_0x15b72f570;  1 drivers
v0x15b72bc90_0 .net *"_ivl_46", 0 0, L_0x15b72f670;  1 drivers
v0x15b72ca30_0 .net *"_ivl_48", 0 0, L_0x15b72f750;  1 drivers
v0x15b72cac0_0 .net *"_ivl_5", 0 0, L_0x15b72e350;  1 drivers
v0x15b72cb60_0 .net *"_ivl_51", 0 0, L_0x15b72f820;  1 drivers
v0x15b72cc10_0 .net *"_ivl_52", 0 0, L_0x15b72f8c0;  1 drivers
v0x15b72ccc0_0 .net *"_ivl_54", 0 0, L_0x15b72f6e0;  1 drivers
v0x15b72cd70_0 .net *"_ivl_57", 0 0, L_0x15b72fa70;  1 drivers
v0x15b72ce20_0 .net *"_ivl_58", 0 0, L_0x15b72fb80;  1 drivers
v0x15b72ced0_0 .net *"_ivl_6", 0 0, L_0x15b72e3f0;  1 drivers
v0x15b72cf80_0 .net *"_ivl_60", 0 0, L_0x15b72fc80;  1 drivers
v0x15b72d030_0 .net *"_ivl_63", 0 0, L_0x15b72fcf0;  1 drivers
v0x15b72d0e0_0 .net *"_ivl_64", 0 0, L_0x15b72fd90;  1 drivers
v0x15b72d190_0 .net *"_ivl_67", 0 0, L_0x15b72ff20;  1 drivers
v0x15b72d240_0 .net *"_ivl_68", 0 0, L_0x15b72fb10;  1 drivers
v0x15b72d2f0_0 .net *"_ivl_71", 0 0, L_0x15b7301c0;  1 drivers
v0x15b72d3a0_0 .net *"_ivl_72", 0 0, L_0x15b730260;  1 drivers
v0x15b72d450_0 .net *"_ivl_74", 0 0, L_0x15b730380;  1 drivers
v0x15b72d500_0 .net *"_ivl_77", 0 0, L_0x15b7303f0;  1 drivers
v0x15b72d5b0_0 .net *"_ivl_78", 0 0, L_0x15b730490;  1 drivers
v0x15b72d660_0 .net *"_ivl_81", 0 0, L_0x15b730640;  1 drivers
v0x15b72d710_0 .net *"_ivl_82", 0 0, L_0x15b7302d0;  1 drivers
v0x15b72d7c0_0 .net *"_ivl_84", 0 0, L_0x15b7306e0;  1 drivers
v0x15b72d870_0 .net *"_ivl_87", 0 0, L_0x15b7308a0;  1 drivers
v0x15b72d920_0 .net *"_ivl_88", 0 0, L_0x15b730940;  1 drivers
v0x15b72d9d0_0 .net *"_ivl_9", 0 0, L_0x15b72e500;  1 drivers
v0x15b72da80_0 .net *"_ivl_90", 0 0, L_0x15b7309b0;  1 drivers
v0x15b72db30_0 .net *"_ivl_93", 0 0, L_0x15b730c00;  1 drivers
v0x15b72dbe0_0 .net *"_ivl_94", 0 0, L_0x15b72ef10;  1 drivers
v0x15b72dc90_0 .net *"_ivl_96", 0 0, L_0x15b730830;  1 drivers
v0x15b72dd40_0 .net *"_ivl_99", 0 0, L_0x15b730e30;  1 drivers
L_0x15b72e160 .part v0x15b72ded0_0, 2, 1;
L_0x15b72e350 .part v0x15b72ded0_0, 1, 1;
L_0x15b72e500 .part v0x15b72ded0_0, 0, 1;
L_0x15b72e710 .part v0x15b72ded0_0, 2, 1;
L_0x15b72e8a0 .part v0x15b72ded0_0, 1, 1;
L_0x15b72eab0 .part v0x15b72ded0_0, 0, 1;
L_0x15b72ed30 .part v0x15b72ded0_0, 2, 1;
L_0x15b72ef90 .part v0x15b72ded0_0, 1, 1;
L_0x15b72f200 .part v0x15b72ded0_0, 0, 1;
L_0x15b72f420 .part v0x15b72ded0_0, 2, 1;
L_0x15b72f570 .part v0x15b72ded0_0, 1, 1;
L_0x15b72f820 .part v0x15b72ded0_0, 0, 1;
L_0x15b72fa70 .part v0x15b72ded0_0, 2, 1;
L_0x15b72fcf0 .part v0x15b72ded0_0, 1, 1;
L_0x15b72ff20 .part v0x15b72ded0_0, 0, 1;
L_0x15b7301c0 .part v0x15b72ded0_0, 2, 1;
L_0x15b7303f0 .part v0x15b72ded0_0, 1, 1;
L_0x15b730640 .part v0x15b72ded0_0, 0, 1;
L_0x15b7308a0 .part v0x15b72ded0_0, 2, 1;
L_0x15b730c00 .part v0x15b72ded0_0, 1, 1;
L_0x15b730e30 .part v0x15b72ded0_0, 0, 1;
L_0x15b730f40 .part v0x15b72ded0_0, 2, 1;
L_0x15b730d80 .part v0x15b72ded0_0, 1, 1;
L_0x15b731460 .part v0x15b72ded0_0, 0, 1;
LS_0x15b731690_0_0 .concat [ 1 1 1 1], L_0x15b731350, L_0x15b730ed0, L_0x15b7306e0, L_0x15b72fb10;
LS_0x15b731690_0_4 .concat [ 1 1 1 1], L_0x15b72f6e0, L_0x15b72f2f0, L_0x15b72ec00, L_0x15b72e620;
L_0x15b731690 .concat [ 4 4 0 0], LS_0x15b731690_0_0, LS_0x15b731690_0_4;
    .scope S_0x15b708340;
T_0 ;
    %pushi/vec4 0, 0, 32;
    %store/vec4 v0x15b72dff0_0, 0, 32;
T_0.0 ;
    %load/vec4 v0x15b72dff0_0;
    %cmpi/s 2, 0, 32;
    %jmp/0xz T_0.1, 5;
    %load/vec4 v0x15b72dff0_0;
    %pad/s 1;
    %store/vec4 v0x15b72de40_0, 0, 1;
    %pushi/vec4 0, 0, 32;
    %store/vec4 v0x15b72e080_0, 0, 32;
T_0.2 ;
    %load/vec4 v0x15b72e080_0;
    %cmpi/s 8, 0, 32;
    %jmp/0xz T_0.3, 5;
    %load/vec4 v0x15b72e080_0;
    %pad/s 3;
    %store/vec4 v0x15b72ded0_0, 0, 3;
    %delay 10, 0;
    %vpi_call 2 15 "$display", "time=%d \011 En=%b \011 I=%b \011 Y=%b", $time, v0x15b72de40_0, v0x15b72ded0_0, v0x15b72df60_0 {0 0 0};
    %load/vec4 v0x15b72e080_0;
    %addi 1, 0, 32;
    %store/vec4 v0x15b72e080_0, 0, 32;
    %jmp T_0.2;
T_0.3 ;
    %load/vec4 v0x15b72dff0_0;
    %addi 1, 0, 32;
    %store/vec4 v0x15b72dff0_0, 0, 32;
    %jmp T_0.0;
T_0.1 ;
    %end;
    .thread T_0;
# The file index is used to find the file name in the following table.
:file_names 4;
    "N/A";
    "<interactive>";
    "decoder_3_8_tb.v";
    "./decoder_3_8_df.v";
