#! /opt/homebrew/Cellar/icarus-verilog/12.0/bin/vvp
:ivl_version "12.0 (stable)";
:ivl_delay_selection "TYPICAL";
:vpi_time_precision + 0;
:vpi_module "/opt/homebrew/Cellar/icarus-verilog/12.0/lib/ivl/system.vpi";
:vpi_module "/opt/homebrew/Cellar/icarus-verilog/12.0/lib/ivl/vhdl_sys.vpi";
:vpi_module "/opt/homebrew/Cellar/icarus-verilog/12.0/lib/ivl/vhdl_textio.vpi";
:vpi_module "/opt/homebrew/Cellar/icarus-verilog/12.0/lib/ivl/v2005_math.vpi";
:vpi_module "/opt/homebrew/Cellar/icarus-verilog/12.0/lib/ivl/va_math.vpi";
S_0x1346090c0 .scope module, "four_bit_adder_tb" "four_bit_adder_tb" 2 3;
 .timescale 0 0;
v0x13461f150_0 .var "a", 3 0;
v0x13461f200_0 .var "b", 3 0;
v0x13461f290_0 .var "cin", 0 0;
v0x13461f360_0 .net "cout", 0 0, v0x13461ef40_0;  1 drivers
v0x13461f410_0 .net "sum", 3 0, v0x13461efe0_0;  1 drivers
S_0x1346076c0 .scope module, "fba1" "four_bit_adder_bh" 2 8, 3 1 0, S_0x1346090c0;
 .timescale 0 0;
    .port_info 0 /OUTPUT 4 "sum";
    .port_info 1 /OUTPUT 1 "cout";
    .port_info 2 /INPUT 4 "a";
    .port_info 3 /INPUT 4 "b";
    .port_info 4 /INPUT 1 "cin";
v0x134607830_0 .net "a", 3 0, v0x13461f150_0;  1 drivers
v0x13461ede0_0 .net "b", 3 0, v0x13461f200_0;  1 drivers
v0x13461ee90_0 .net "cin", 0 0, v0x13461f290_0;  1 drivers
v0x13461ef40_0 .var "cout", 0 0;
v0x13461efe0_0 .var "sum", 3 0;
E_0x134609b70 .event anyedge, v0x13461ee90_0, v0x13461ede0_0, v0x134607830_0;
    .scope S_0x1346076c0;
T_0 ;
    %wait E_0x134609b70;
    %load/vec4 v0x134607830_0;
    %pad/u 5;
    %load/vec4 v0x13461ede0_0;
    %pad/u 5;
    %add;
    %load/vec4 v0x13461ee90_0;
    %pad/u 5;
    %add;
    %split/vec4 4;
    %store/vec4 v0x13461efe0_0, 0, 4;
    %store/vec4 v0x13461ef40_0, 0, 1;
    %jmp T_0;
    .thread T_0, $push;
    .scope S_0x1346090c0;
T_1 ;
    %vpi_call 2 10 "$monitor", "time=%d \011 a=%b \011 b=%b \011 cin=%b \011 sum=%b \011 cout=%b", $time, v0x13461f150_0, v0x13461f200_0, v0x13461f290_0, v0x13461f410_0, v0x13461f360_0 {0 0 0};
    %end;
    .thread T_1;
    .scope S_0x1346090c0;
T_2 ;
    %pushi/vec4 0, 0, 4;
    %store/vec4 v0x13461f150_0, 0, 4;
    %pushi/vec4 0, 0, 4;
    %store/vec4 v0x13461f200_0, 0, 4;
    %pushi/vec4 0, 0, 1;
    %store/vec4 v0x13461f290_0, 0, 1;
    %pushi/vec4 16, 0, 32;
T_2.0 %dup/vec4;
    %pushi/vec4 0, 0, 32;
    %cmp/s;
    %jmp/1xz T_2.1, 5;
    %jmp/1 T_2.1, 4;
    %pushi/vec4 1, 0, 32;
    %sub;
    %delay 10, 0;
    %load/vec4 v0x13461f150_0;
    %addi 1, 0, 4;
    %store/vec4 v0x13461f150_0, 0, 4;
    %pushi/vec4 16, 0, 32;
T_2.2 %dup/vec4;
    %pushi/vec4 0, 0, 32;
    %cmp/s;
    %jmp/1xz T_2.3, 5;
    %jmp/1 T_2.3, 4;
    %pushi/vec4 1, 0, 32;
    %sub;
    %delay 10, 0;
    %load/vec4 v0x13461f200_0;
    %addi 1, 0, 4;
    %store/vec4 v0x13461f200_0, 0, 4;
    %pushi/vec4 2, 0, 32;
T_2.4 %dup/vec4;
    %pushi/vec4 0, 0, 32;
    %cmp/s;
    %jmp/1xz T_2.5, 5;
    %jmp/1 T_2.5, 4;
    %pushi/vec4 1, 0, 32;
    %sub;
    %delay 10, 0;
    %load/vec4 v0x13461f290_0;
    %inv;
    %store/vec4 v0x13461f290_0, 0, 1;
    %jmp T_2.4;
T_2.5 ;
    %pop/vec4 1;
    %jmp T_2.2;
T_2.3 ;
    %pop/vec4 1;
    %jmp T_2.0;
T_2.1 ;
    %pop/vec4 1;
    %end;
    .thread T_2;
# The file index is used to find the file name in the following table.
:file_names 4;
    "N/A";
    "<interactive>";
    "four_bit_adder_tb.v";
    "./four_bit_adder_bh.v";
