#! /opt/homebrew/Cellar/icarus-verilog/12.0/bin/vvp
:ivl_version "12.0 (stable)";
:ivl_delay_selection "TYPICAL";
:vpi_time_precision - 12;
:vpi_module "/opt/homebrew/Cellar/icarus-verilog/12.0/lib/ivl/system.vpi";
:vpi_module "/opt/homebrew/Cellar/icarus-verilog/12.0/lib/ivl/vhdl_sys.vpi";
:vpi_module "/opt/homebrew/Cellar/icarus-verilog/12.0/lib/ivl/vhdl_textio.vpi";
:vpi_module "/opt/homebrew/Cellar/icarus-verilog/12.0/lib/ivl/v2005_math.vpi";
:vpi_module "/opt/homebrew/Cellar/icarus-verilog/12.0/lib/ivl/va_math.vpi";
S_0x158708b50 .scope module, "counter_tb" "counter_tb" 2 4;
 .timescale -12 -12;
v0x15871a510_0 .var "clk", 0 0;
v0x15871a5b0_0 .net "count", 2 0, L_0x15871a730;  1 drivers
v0x15871a660_0 .var "rst", 0 0;
S_0x158705d80 .scope module, "c2" "counter2" 2 7, 3 4 0, S_0x158708b50;
 .timescale -12 -12;
    .port_info 0 /OUTPUT 3 "count";
    .port_info 1 /INPUT 1 "clk";
    .port_info 2 /INPUT 1 "rst";
L_0x15871a730 .functor BUFZ 3, v0x15871a360_0, C4<000>, C4<000>, C4<000>;
v0x158705ef0_0 .net "clk", 0 0, v0x15871a510_0;  1 drivers
v0x15871a2b0_0 .net "count", 2 0, L_0x15871a730;  alias, 1 drivers
v0x15871a360_0 .var "count_temp", 2 0;
v0x15871a420_0 .net "rst", 0 0, v0x15871a660_0;  1 drivers
E_0x158705010 .event posedge, v0x158705ef0_0;
    .scope S_0x158705d80;
T_0 ;
    %wait E_0x158705010;
    %load/vec4 v0x15871a420_0;
    %load/vec4 v0x15871a360_0;
    %pushi/vec4 5, 0, 3;
    %cmp/e;
    %flag_get/vec4 4;
    %or;
    %flag_set/vec4 8;
    %jmp/0xz  T_0.0, 8;
    %pushi/vec4 0, 0, 3;
    %assign/vec4 v0x15871a360_0, 0;
    %jmp T_0.1;
T_0.0 ;
    %load/vec4 v0x15871a360_0;
    %addi 1, 0, 3;
    %assign/vec4 v0x15871a360_0, 0;
T_0.1 ;
    %jmp T_0;
    .thread T_0;
    .scope S_0x158708b50;
T_1 ;
    %delay 10, 0;
    %load/vec4 v0x15871a510_0;
    %inv;
    %store/vec4 v0x15871a510_0, 0, 1;
    %jmp T_1;
    .thread T_1;
    .scope S_0x158708b50;
T_2 ;
    %vpi_call 2 12 "$monitor", "time = %d \011 count = %b", $time, v0x15871a5b0_0 {0 0 0};
    %pushi/vec4 0, 0, 1;
    %store/vec4 v0x15871a510_0, 0, 1;
    %pushi/vec4 0, 0, 1;
    %store/vec4 v0x15871a660_0, 0, 1;
    %delay 10, 0;
    %pushi/vec4 1, 0, 1;
    %store/vec4 v0x15871a660_0, 0, 1;
    %delay 10, 0;
    %pushi/vec4 0, 0, 1;
    %store/vec4 v0x15871a660_0, 0, 1;
    %delay 1000, 0;
    %vpi_call 2 16 "$stop" {0 0 0};
    %end;
    .thread T_2;
# The file index is used to find the file name in the following table.
:file_names 4;
    "N/A";
    "<interactive>";
    "counter2_tb.v";
    "./counter2.v";
