#! /opt/homebrew/Cellar/icarus-verilog/12.0/bin/vvp
:ivl_version "12.0 (stable)";
:ivl_delay_selection "TYPICAL";
:vpi_time_precision - 12;
:vpi_module "/opt/homebrew/Cellar/icarus-verilog/12.0/lib/ivl/system.vpi";
:vpi_module "/opt/homebrew/Cellar/icarus-verilog/12.0/lib/ivl/vhdl_sys.vpi";
:vpi_module "/opt/homebrew/Cellar/icarus-verilog/12.0/lib/ivl/vhdl_textio.vpi";
:vpi_module "/opt/homebrew/Cellar/icarus-verilog/12.0/lib/ivl/v2005_math.vpi";
:vpi_module "/opt/homebrew/Cellar/icarus-verilog/12.0/lib/ivl/va_math.vpi";
S_0x14df055f0 .scope module, "mux_2_1_tb" "mux_2_1_tb" 2 4;
 .timescale -12 -12;
v0x14df1d1f0_0 .var "I", 3 0;
v0x14df1d2a0_0 .var "S", 1 0;
v0x14df1d350_0 .net "Y", 0 0, v0x14df1d0f0_0;  1 drivers
v0x14df1d420_0 .var/i "i", 31 0;
v0x14df1d4b0_0 .var/i "j", 31 0;
S_0x14df06ef0 .scope module, "mbh" "mux_4_1_bh" 2 9, 3 1 0, S_0x14df055f0;
 .timescale -12 -12;
    .port_info 0 /OUTPUT 1 "Y";
    .port_info 1 /INPUT 4 "I";
    .port_info 2 /INPUT 2 "S";
v0x14df07060_0 .net "I", 3 0, v0x14df1d1f0_0;  1 drivers
v0x14df1d040_0 .net "S", 1 0, v0x14df1d2a0_0;  1 drivers
v0x14df1d0f0_0 .var "Y", 0 0;
E_0x14df05fb0 .event anyedge, v0x14df1d040_0, v0x14df07060_0;
    .scope S_0x14df06ef0;
T_0 ;
    %wait E_0x14df05fb0;
    %load/vec4 v0x14df1d040_0;
    %dup/vec4;
    %pushi/vec4 0, 0, 2;
    %cmp/u;
    %jmp/1 T_0.0, 6;
    %dup/vec4;
    %pushi/vec4 1, 0, 2;
    %cmp/u;
    %jmp/1 T_0.1, 6;
    %dup/vec4;
    %pushi/vec4 2, 0, 2;
    %cmp/u;
    %jmp/1 T_0.2, 6;
    %dup/vec4;
    %pushi/vec4 3, 0, 2;
    %cmp/u;
    %jmp/1 T_0.3, 6;
    %vpi_call 3 11 "$display", "error" {0 0 0};
    %jmp T_0.5;
T_0.0 ;
    %load/vec4 v0x14df07060_0;
    %parti/s 1, 0, 2;
    %store/vec4 v0x14df1d0f0_0, 0, 1;
    %jmp T_0.5;
T_0.1 ;
    %load/vec4 v0x14df07060_0;
    %parti/s 1, 1, 2;
    %store/vec4 v0x14df1d0f0_0, 0, 1;
    %jmp T_0.5;
T_0.2 ;
    %load/vec4 v0x14df07060_0;
    %parti/s 1, 2, 3;
    %store/vec4 v0x14df1d0f0_0, 0, 1;
    %jmp T_0.5;
T_0.3 ;
    %load/vec4 v0x14df07060_0;
    %parti/s 1, 3, 3;
    %store/vec4 v0x14df1d0f0_0, 0, 1;
    %jmp T_0.5;
T_0.5 ;
    %pop/vec4 1;
    %jmp T_0;
    .thread T_0, $push;
    .scope S_0x14df055f0;
T_1 ;
    %pushi/vec4 0, 0, 32;
    %store/vec4 v0x14df1d420_0, 0, 32;
T_1.0 ;
    %load/vec4 v0x14df1d420_0;
    %cmpi/s 16, 0, 32;
    %jmp/0xz T_1.1, 5;
    %load/vec4 v0x14df1d420_0;
    %pad/s 4;
    %store/vec4 v0x14df1d1f0_0, 0, 4;
    %pushi/vec4 0, 0, 32;
    %store/vec4 v0x14df1d4b0_0, 0, 32;
T_1.2 ;
    %load/vec4 v0x14df1d4b0_0;
    %cmpi/s 4, 0, 32;
    %jmp/0xz T_1.3, 5;
    %load/vec4 v0x14df1d4b0_0;
    %pad/s 2;
    %store/vec4 v0x14df1d2a0_0, 0, 2;
    %delay 10, 0;
    %vpi_call 2 15 "$display", "time=%d \011 I=%b \011 S=%b \011 Y=%b", $time, v0x14df1d1f0_0, v0x14df1d2a0_0, v0x14df1d350_0 {0 0 0};
    %load/vec4 v0x14df1d4b0_0;
    %addi 1, 0, 32;
    %store/vec4 v0x14df1d4b0_0, 0, 32;
    %jmp T_1.2;
T_1.3 ;
    %load/vec4 v0x14df1d420_0;
    %addi 1, 0, 32;
    %store/vec4 v0x14df1d420_0, 0, 32;
    %jmp T_1.0;
T_1.1 ;
    %end;
    .thread T_1;
# The file index is used to find the file name in the following table.
:file_names 4;
    "N/A";
    "<interactive>";
    "mux_4_1_tb.v";
    "./mux_4_1_bh.v";
