#! /opt/homebrew/Cellar/icarus-verilog/12.0/bin/vvp
:ivl_version "12.0 (stable)";
:ivl_delay_selection "TYPICAL";
:vpi_time_precision - 12;
:vpi_module "/opt/homebrew/Cellar/icarus-verilog/12.0/lib/ivl/system.vpi";
:vpi_module "/opt/homebrew/Cellar/icarus-verilog/12.0/lib/ivl/vhdl_sys.vpi";
:vpi_module "/opt/homebrew/Cellar/icarus-verilog/12.0/lib/ivl/vhdl_textio.vpi";
:vpi_module "/opt/homebrew/Cellar/icarus-verilog/12.0/lib/ivl/v2005_math.vpi";
:vpi_module "/opt/homebrew/Cellar/icarus-verilog/12.0/lib/ivl/va_math.vpi";
S_0x14fe09610 .scope module, "priority_encoder_4_2_tb" "priority_encoder_4_2_tb" 2 4;
 .timescale -12 -12;
v0x14fe1e9c0_0 .var "I", 3 0;
v0x14fe1ea70_0 .net "V", 0 0, v0x14fe1e810_0;  1 drivers
v0x14fe1eb20_0 .net "Y", 1 0, v0x14fe1e8b0_0;  1 drivers
v0x14fe1ebf0_0 .var/i "i", 31 0;
S_0x14fe07620 .scope module, "pe42bh" "priority_encoder_4_2_bh" 2 9, 3 1 0, S_0x14fe09610;
 .timescale -12 -12;
    .port_info 0 /OUTPUT 2 "Y";
    .port_info 1 /OUTPUT 1 "V";
    .port_info 2 /INPUT 4 "I";
v0x14fe09780_0 .net "I", 3 0, v0x14fe1e9c0_0;  1 drivers
v0x14fe1e810_0 .var "V", 0 0;
v0x14fe1e8b0_0 .var "Y", 1 0;
E_0x14fe0c100 .event anyedge, v0x14fe09780_0;
    .scope S_0x14fe07620;
T_0 ;
    %wait E_0x14fe0c100;
    %load/vec4 v0x14fe09780_0;
    %parti/s 1, 3, 3;
    %flag_set/vec4 8;
    %jmp/0xz  T_0.0, 8;
    %pushi/vec4 7, 0, 3;
    %split/vec4 2;
    %store/vec4 v0x14fe1e8b0_0, 0, 2;
    %store/vec4 v0x14fe1e810_0, 0, 1;
    %jmp T_0.1;
T_0.0 ;
    %load/vec4 v0x14fe09780_0;
    %parti/s 1, 2, 3;
    %flag_set/vec4 8;
    %jmp/0xz  T_0.2, 8;
    %pushi/vec4 6, 0, 3;
    %split/vec4 2;
    %store/vec4 v0x14fe1e8b0_0, 0, 2;
    %store/vec4 v0x14fe1e810_0, 0, 1;
    %jmp T_0.3;
T_0.2 ;
    %load/vec4 v0x14fe09780_0;
    %parti/s 1, 1, 2;
    %flag_set/vec4 8;
    %jmp/0xz  T_0.4, 8;
    %pushi/vec4 5, 0, 3;
    %split/vec4 2;
    %store/vec4 v0x14fe1e8b0_0, 0, 2;
    %store/vec4 v0x14fe1e810_0, 0, 1;
    %jmp T_0.5;
T_0.4 ;
    %load/vec4 v0x14fe09780_0;
    %parti/s 1, 0, 2;
    %flag_set/vec4 8;
    %jmp/0xz  T_0.6, 8;
    %pushi/vec4 4, 0, 3;
    %split/vec4 2;
    %store/vec4 v0x14fe1e8b0_0, 0, 2;
    %store/vec4 v0x14fe1e810_0, 0, 1;
    %jmp T_0.7;
T_0.6 ;
    %pushi/vec4 0, 0, 3;
    %split/vec4 2;
    %store/vec4 v0x14fe1e8b0_0, 0, 2;
    %store/vec4 v0x14fe1e810_0, 0, 1;
T_0.7 ;
T_0.5 ;
T_0.3 ;
T_0.1 ;
    %jmp T_0;
    .thread T_0, $push;
    .scope S_0x14fe09610;
T_1 ;
    %pushi/vec4 0, 0, 32;
    %store/vec4 v0x14fe1ebf0_0, 0, 32;
T_1.0 ;
    %load/vec4 v0x14fe1ebf0_0;
    %cmpi/s 16, 0, 32;
    %jmp/0xz T_1.1, 5;
    %load/vec4 v0x14fe1ebf0_0;
    %pad/s 4;
    %store/vec4 v0x14fe1e9c0_0, 0, 4;
    %delay 10, 0;
    %vpi_call 2 13 "$display", "time=%d \011 I=%b \011 V=%b \011 Y=%b", $time, v0x14fe1e9c0_0, v0x14fe1ea70_0, v0x14fe1eb20_0 {0 0 0};
    %load/vec4 v0x14fe1ebf0_0;
    %addi 1, 0, 32;
    %store/vec4 v0x14fe1ebf0_0, 0, 32;
    %jmp T_1.0;
T_1.1 ;
    %end;
    .thread T_1;
# The file index is used to find the file name in the following table.
:file_names 4;
    "N/A";
    "<interactive>";
    "priority_encoder_4_2_tb.v";
    "./priority_encoder_4_2_bh.v";
